0 info it worked if it ends with ok
1 verbose cli [ 'node', '/usr/local/bin/npm', 'publish' ]
2 info using npm@1.3.15
3 info using node@v0.11.9
4 verbose publish [ '.' ]
5 verbose cache add [ '.', null ]
6 verbose cache add name=undefined spec="." args=[".",null]
7 verbose parsed url { protocol: null,
7 verbose parsed url   slashes: null,
7 verbose parsed url   auth: null,
7 verbose parsed url   host: null,
7 verbose parsed url   port: null,
7 verbose parsed url   hostname: null,
7 verbose parsed url   hash: null,
7 verbose parsed url   search: null,
7 verbose parsed url   query: null,
7 verbose parsed url   pathname: '.',
7 verbose parsed url   path: '.',
7 verbose parsed url   href: '.' }
8 silly lockFile 3a52ce78- .
9 verbose lock . /Users/patrickliu/.npm/3a52ce78-.lock
10 verbose tar pack [ '/var/folders/9l/yw3888tx417gpmscw6vlcqrr0000gn/T/npm-1374-ulvAzNO_/1420683079534-0.5236618490889668/tmp.tgz',
10 verbose tar pack   '.' ]
11 verbose tarball /var/folders/9l/yw3888tx417gpmscw6vlcqrr0000gn/T/npm-1374-ulvAzNO_/1420683079534-0.5236618490889668/tmp.tgz
12 verbose folder .
13 info prepublish lbf-ide-grunt@0.1.5
14 silly lockFile 1f1177db-tar tar://.
15 verbose lock tar://. /Users/patrickliu/.npm/1f1177db-tar.lock
16 silly lockFile f3aa73f3-79534-0-5236618490889668-tmp-tgz tar:///var/folders/9l/yw3888tx417gpmscw6vlcqrr0000gn/T/npm-1374-ulvAzNO_/1420683079534-0.5236618490889668/tmp.tgz
17 verbose lock tar:///var/folders/9l/yw3888tx417gpmscw6vlcqrr0000gn/T/npm-1374-ulvAzNO_/1420683079534-0.5236618490889668/tmp.tgz /Users/patrickliu/.npm/f3aa73f3-79534-0-5236618490889668-tmp-tgz.lock
18 silly lockFile 1f1177db-tar tar://.
19 silly lockFile 1f1177db-tar tar://.
20 silly lockFile f3aa73f3-79534-0-5236618490889668-tmp-tgz tar:///var/folders/9l/yw3888tx417gpmscw6vlcqrr0000gn/T/npm-1374-ulvAzNO_/1420683079534-0.5236618490889668/tmp.tgz
21 silly lockFile f3aa73f3-79534-0-5236618490889668-tmp-tgz tar:///var/folders/9l/yw3888tx417gpmscw6vlcqrr0000gn/T/npm-1374-ulvAzNO_/1420683079534-0.5236618490889668/tmp.tgz
22 verbose tar unpack /var/folders/9l/yw3888tx417gpmscw6vlcqrr0000gn/T/npm-1374-ulvAzNO_/1420683079534-0.5236618490889668/tmp.tgz
23 silly lockFile f4e2b913-79534-0-5236618490889668-package tar:///var/folders/9l/yw3888tx417gpmscw6vlcqrr0000gn/T/npm-1374-ulvAzNO_/1420683079534-0.5236618490889668/package
24 verbose lock tar:///var/folders/9l/yw3888tx417gpmscw6vlcqrr0000gn/T/npm-1374-ulvAzNO_/1420683079534-0.5236618490889668/package /Users/patrickliu/.npm/f4e2b913-79534-0-5236618490889668-package.lock
25 silly lockFile f3aa73f3-79534-0-5236618490889668-tmp-tgz tar:///var/folders/9l/yw3888tx417gpmscw6vlcqrr0000gn/T/npm-1374-ulvAzNO_/1420683079534-0.5236618490889668/tmp.tgz
26 verbose lock tar:///var/folders/9l/yw3888tx417gpmscw6vlcqrr0000gn/T/npm-1374-ulvAzNO_/1420683079534-0.5236618490889668/tmp.tgz /Users/patrickliu/.npm/f3aa73f3-79534-0-5236618490889668-tmp-tgz.lock
27 silly gunzTarPerm modes [ '755', '644' ]
28 silly gunzTarPerm extractEntry package.json
29 silly gunzTarPerm extractEntry README.md
30 silly gunzTarPerm extractEntry index.js
31 silly gunzTarPerm extractEntry .idea/.name
32 silly gunzTarPerm extractEntry .idea/encodings.xml
33 silly gunzTarPerm extractEntry .idea/lbf-ide-grunt.iml
34 silly gunzTarPerm extractEntry .idea/misc.xml
35 silly gunzTarPerm extractEntry .idea/modules.xml
36 silly gunzTarPerm extractEntry .idea/scopes/scope_settings.xml
37 silly gunzTarPerm extractEntry .idea/vcs.xml
38 silly gunzTarPerm extractEntry .idea/workspace.xml
39 silly gunzTarPerm extractEntry deps/grep.js
40 silly gunzTarPerm extractEntry deps/walk.js
41 silly gunzTarPerm extractEntry deps/tasks/run.js
42 silly gunzTarPerm extractEntry hengine/tasks/http.js
43 silly gunzTarPerm extractEntry hengine/tasks/tcache.js
44 silly gunzTarPerm extractEntry localServer/lib/hengineClient.js
45 silly gunzTarPerm extractEntry localServer/lib/safeJSONStringify.js
46 silly gunzTarPerm extractEntry localServer/middleware/CGIMiddleware.js
47 silly gunzTarPerm extractEntry localServer/middleware/FinalMiddleware.js
48 silly gunzTarPerm extractEntry localServer/middleware/HengineMiddleware.js
49 silly gunzTarPerm extractEntry localServer/middleware/RemoveVersionMiddleware.js
50 silly gunzTarPerm extractEntry localServer/middleware/helper/CGIHelper.js
51 silly gunzTarPerm extractEntry localServer/middleware/helper/util.js
52 silly gunzTarPerm extractEntry localServer/tasks/localServer.js
53 silly gunzTarPerm extractEntry sorryNo304/tasks/main.js
54 silly gunzTarPerm extractEntry utils/md5.js
55 silly gunzTarPerm extractEntry utils/traverseDir.js
56 silly lockFile f4e2b913-79534-0-5236618490889668-package tar:///var/folders/9l/yw3888tx417gpmscw6vlcqrr0000gn/T/npm-1374-ulvAzNO_/1420683079534-0.5236618490889668/package
57 silly lockFile f4e2b913-79534-0-5236618490889668-package tar:///var/folders/9l/yw3888tx417gpmscw6vlcqrr0000gn/T/npm-1374-ulvAzNO_/1420683079534-0.5236618490889668/package
58 silly lockFile f3aa73f3-79534-0-5236618490889668-tmp-tgz tar:///var/folders/9l/yw3888tx417gpmscw6vlcqrr0000gn/T/npm-1374-ulvAzNO_/1420683079534-0.5236618490889668/tmp.tgz
59 silly lockFile f3aa73f3-79534-0-5236618490889668-tmp-tgz tar:///var/folders/9l/yw3888tx417gpmscw6vlcqrr0000gn/T/npm-1374-ulvAzNO_/1420683079534-0.5236618490889668/tmp.tgz
60 verbose tar pack [ '/Users/patrickliu/.npm/lbf-ide-grunt/0.1.5/package.tgz',
60 verbose tar pack   '/var/folders/9l/yw3888tx417gpmscw6vlcqrr0000gn/T/npm-1374-ulvAzNO_/1420683079534-0.5236618490889668/package' ]
61 verbose tarball /Users/patrickliu/.npm/lbf-ide-grunt/0.1.5/package.tgz
62 verbose folder /var/folders/9l/yw3888tx417gpmscw6vlcqrr0000gn/T/npm-1374-ulvAzNO_/1420683079534-0.5236618490889668/package
63 silly lockFile f4e2b913-79534-0-5236618490889668-package tar:///var/folders/9l/yw3888tx417gpmscw6vlcqrr0000gn/T/npm-1374-ulvAzNO_/1420683079534-0.5236618490889668/package
64 verbose lock tar:///var/folders/9l/yw3888tx417gpmscw6vlcqrr0000gn/T/npm-1374-ulvAzNO_/1420683079534-0.5236618490889668/package /Users/patrickliu/.npm/f4e2b913-79534-0-5236618490889668-package.lock
65 silly lockFile 93d5dc42--lbf-ide-grunt-0-1-5-package-tgz tar:///Users/patrickliu/.npm/lbf-ide-grunt/0.1.5/package.tgz
66 verbose lock tar:///Users/patrickliu/.npm/lbf-ide-grunt/0.1.5/package.tgz /Users/patrickliu/.npm/93d5dc42--lbf-ide-grunt-0-1-5-package-tgz.lock
67 silly lockFile f4e2b913-79534-0-5236618490889668-package tar:///var/folders/9l/yw3888tx417gpmscw6vlcqrr0000gn/T/npm-1374-ulvAzNO_/1420683079534-0.5236618490889668/package
68 silly lockFile f4e2b913-79534-0-5236618490889668-package tar:///var/folders/9l/yw3888tx417gpmscw6vlcqrr0000gn/T/npm-1374-ulvAzNO_/1420683079534-0.5236618490889668/package
69 silly lockFile 93d5dc42--lbf-ide-grunt-0-1-5-package-tgz tar:///Users/patrickliu/.npm/lbf-ide-grunt/0.1.5/package.tgz
70 silly lockFile 93d5dc42--lbf-ide-grunt-0-1-5-package-tgz tar:///Users/patrickliu/.npm/lbf-ide-grunt/0.1.5/package.tgz
71 silly lockFile 950e1941--npm-lbf-ide-grunt-0-1-5-package /Users/patrickliu/.npm/lbf-ide-grunt/0.1.5/package
72 verbose lock /Users/patrickliu/.npm/lbf-ide-grunt/0.1.5/package /Users/patrickliu/.npm/950e1941--npm-lbf-ide-grunt-0-1-5-package.lock
73 silly lockFile 950e1941--npm-lbf-ide-grunt-0-1-5-package /Users/patrickliu/.npm/lbf-ide-grunt/0.1.5/package
74 silly lockFile 950e1941--npm-lbf-ide-grunt-0-1-5-package /Users/patrickliu/.npm/lbf-ide-grunt/0.1.5/package
75 verbose tar unpack /Users/patrickliu/.npm/lbf-ide-grunt/0.1.5/package.tgz
76 silly lockFile 38b2f464--npm-lbf-ide-grunt-0-1-5-package tar:///Users/patrickliu/.npm/lbf-ide-grunt/0.1.5/package
77 verbose lock tar:///Users/patrickliu/.npm/lbf-ide-grunt/0.1.5/package /Users/patrickliu/.npm/38b2f464--npm-lbf-ide-grunt-0-1-5-package.lock
78 silly lockFile 93d5dc42--lbf-ide-grunt-0-1-5-package-tgz tar:///Users/patrickliu/.npm/lbf-ide-grunt/0.1.5/package.tgz
79 verbose lock tar:///Users/patrickliu/.npm/lbf-ide-grunt/0.1.5/package.tgz /Users/patrickliu/.npm/93d5dc42--lbf-ide-grunt-0-1-5-package-tgz.lock
80 silly gunzTarPerm modes [ '755', '644' ]
81 silly gunzTarPerm extractEntry package.json
82 silly gunzTarPerm extractEntry README.md
83 silly gunzTarPerm extractEntry index.js
84 silly gunzTarPerm extractEntry .idea/.name
85 silly gunzTarPerm extractEntry .idea/encodings.xml
86 silly gunzTarPerm extractEntry .idea/lbf-ide-grunt.iml
87 silly gunzTarPerm extractEntry .idea/misc.xml
88 silly gunzTarPerm extractEntry .idea/modules.xml
89 silly gunzTarPerm extractEntry .idea/scopes/scope_settings.xml
90 silly gunzTarPerm extractEntry .idea/vcs.xml
91 silly gunzTarPerm extractEntry .idea/workspace.xml
92 silly gunzTarPerm extractEntry deps/grep.js
93 silly gunzTarPerm extractEntry deps/walk.js
94 silly gunzTarPerm extractEntry deps/tasks/run.js
95 silly gunzTarPerm extractEntry hengine/tasks/http.js
96 silly gunzTarPerm extractEntry hengine/tasks/tcache.js
97 silly gunzTarPerm extractEntry localServer/lib/hengineClient.js
98 silly gunzTarPerm extractEntry localServer/lib/safeJSONStringify.js
99 silly gunzTarPerm extractEntry localServer/middleware/CGIMiddleware.js
100 silly gunzTarPerm extractEntry localServer/middleware/FinalMiddleware.js
101 silly gunzTarPerm extractEntry localServer/middleware/HengineMiddleware.js
102 silly gunzTarPerm extractEntry localServer/middleware/RemoveVersionMiddleware.js
103 silly gunzTarPerm extractEntry localServer/middleware/helper/CGIHelper.js
104 silly gunzTarPerm extractEntry localServer/middleware/helper/util.js
105 silly gunzTarPerm extractEntry localServer/tasks/localServer.js
106 silly gunzTarPerm extractEntry sorryNo304/tasks/main.js
107 silly gunzTarPerm extractEntry utils/md5.js
108 silly gunzTarPerm extractEntry utils/traverseDir.js
109 silly lockFile 38b2f464--npm-lbf-ide-grunt-0-1-5-package tar:///Users/patrickliu/.npm/lbf-ide-grunt/0.1.5/package
110 silly lockFile 38b2f464--npm-lbf-ide-grunt-0-1-5-package tar:///Users/patrickliu/.npm/lbf-ide-grunt/0.1.5/package
111 silly lockFile 93d5dc42--lbf-ide-grunt-0-1-5-package-tgz tar:///Users/patrickliu/.npm/lbf-ide-grunt/0.1.5/package.tgz
112 silly lockFile 93d5dc42--lbf-ide-grunt-0-1-5-package-tgz tar:///Users/patrickliu/.npm/lbf-ide-grunt/0.1.5/package.tgz
113 verbose chmod /Users/patrickliu/.npm/lbf-ide-grunt/0.1.5/package.tgz 644
114 verbose chown /Users/patrickliu/.npm/lbf-ide-grunt/0.1.5/package.tgz [ 501, 20 ]
115 silly lockFile 3a52ce78- .
116 silly lockFile 3a52ce78- .
117 silly publish { name: 'lbf-ide-grunt',
117 silly publish   version: '0.1.5',
117 silly publish   description: 'Grunt Tasks for LBF IDE',
117 silly publish   main: 'index.js',
117 silly publish   scripts: { test: 'echo "Error: no test specified" && exit 1' },
117 silly publish   repository:
117 silly publish    { type: 'git',
117 silly publish      url: 'https://github.com/lbfteam/lbf-ide-grunt.git' },
117 silly publish   keywords: [ 'grunt', 'task', 'LBF', 'IDE' ],
117 silly publish   author: { name: 'amoschen,patrickliu' },
117 silly publish   license: 'ISC',
117 silly publish   bugs: { url: 'https://github.com/lbfteam/lbf-ide-grunt/issues' },
117 silly publish   homepage: 'https://github.com/lbfteam/lbf-ide-grunt',
117 silly publish   dependencies:
117 silly publish    { MD5: '^1.2.1',
117 silly publish      async: '^0.9.0',
117 silly publish      connect: '^3.3.3',
117 silly publish      'connect-livereload': '^0.5.2',
117 silly publish      'js-beautify': '^1.5.4',
117 silly publish      'lbf-hengine': '^1.0.6',
117 silly publish      underscore: '^1.7.0' },
117 silly publish   readme: '# lbf-ide-grunt\n> Grunt Tasks for LBF IDE\n \n## Usage\n> Usually we use this module inside [generator-lbf-app](https://github.com/lbfteam/generator-lbf-app), you can also use it independently.\n\nInstall\n```bash\n$ npm install --save lbf-ide-grunt\n```\n\nUse in Gruntfile.js\n```javascript\nmodule.exports = function( grunt ){\n    require(\'lbf-ide-grunt\').loadTasks( grunt );\n};\n```\n\n## Getting To Know LBF\nWelcome to contact [us](https://github.com/lbfteam)',
117 silly publish   readmeFilename: 'README.md',
117 silly publish   _id: 'lbf-ide-grunt@0.1.5',
117 silly publish   dist: { shasum: 'be8871b77e5977f359095eb3e1e4794d7b99d168' },
117 silly publish   _from: '.' }
118 verbose url raw lbf-ide-grunt
119 verbose url resolving [ 'http://npm.oa.com/', './lbf-ide-grunt' ]
120 verbose url resolved http://npm.oa.com/lbf-ide-grunt
121 info trying registry request attempt 1 at 10:11:19
122 http PUT http://npm.oa.com/lbf-ide-grunt
123 http 201 http://npm.oa.com/lbf-ide-grunt
124 verbose url raw lbf-ide-grunt
125 verbose url resolving [ 'http://npm.oa.com/', './lbf-ide-grunt' ]
126 verbose url resolved http://npm.oa.com/lbf-ide-grunt
127 info trying registry request attempt 1 at 10:11:19
128 http GET http://npm.oa.com/lbf-ide-grunt
129 http 200 http://npm.oa.com/lbf-ide-grunt
130 verbose uploading [ 'lbf-ide-grunt/-/lbf-ide-grunt-0.1.5.tgz/-rev/7-7da8fa8d4a3c78f66e347ad0276c641a',
130 verbose uploading   '/Users/patrickliu/.npm/lbf-ide-grunt/0.1.5/package.tgz' ]
131 verbose url raw lbf-ide-grunt/-/lbf-ide-grunt-0.1.5.tgz/-rev/7-7da8fa8d4a3c78f66e347ad0276c641a
132 verbose url resolving [ 'http://npm.oa.com/',
132 verbose url resolving   './lbf-ide-grunt/-/lbf-ide-grunt-0.1.5.tgz/-rev/7-7da8fa8d4a3c78f66e347ad0276c641a' ]
133 verbose url resolved http://npm.oa.com/lbf-ide-grunt/-/lbf-ide-grunt-0.1.5.tgz/-rev/7-7da8fa8d4a3c78f66e347ad0276c641a
134 info trying registry request attempt 1 at 10:11:20
135 http PUT http://npm.oa.com/lbf-ide-grunt/-/lbf-ide-grunt-0.1.5.tgz/-rev/7-7da8fa8d4a3c78f66e347ad0276c641a
136 http 403 http://npm.oa.com/lbf-ide-grunt/-/lbf-ide-grunt-0.1.5.tgz/-rev/7-7da8fa8d4a3c78f66e347ad0276c641a
137 error TypeError: Cannot call method 'match' of undefined
137 error     at RegClient.<anonymous> (/usr/local/lib/node_modules/npm/node_modules/npm-registry-client/lib/request.js:119:29)
137 error     at cb (/usr/local/lib/node_modules/npm/node_modules/npm-registry-client/lib/request.js:158:9)
137 error     at RegClient.<anonymous> (/usr/local/lib/node_modules/npm/node_modules/npm-registry-client/lib/request.js:252:14)
137 error     at Request.self.callback (/usr/local/lib/node_modules/npm/node_modules/request/request.js:129:22)
137 error     at Request.EventEmitter.emit (events.js:101:17)
137 error     at Request.<anonymous> (/usr/local/lib/node_modules/npm/node_modules/request/request.js:873:14)
137 error     at Request.EventEmitter.emit (events.js:120:20)
137 error     at IncomingMessage.<anonymous> (/usr/local/lib/node_modules/npm/node_modules/request/request.js:824:12)
137 error     at IncomingMessage.EventEmitter.emit (events.js:120:20)
137 error     at _stream_readable.js:896:16
138 error If you need help, you may report this log at:
138 error     <http://github.com/isaacs/npm/issues>
138 error or email it to:
138 error     <npm-@googlegroups.com>
139 error System Darwin 14.0.0
140 error command "node" "/usr/local/bin/npm" "publish"
141 error cwd /Users/patrickliu/Documents/workspace/lbf-ide-grunt/lbf-ide-grunt
142 error node -v v0.11.9
143 error npm -v 1.3.15
144 verbose exit [ 1, true ]
